22:54:01,699 I: (ErlangCore.java:70) : Starting CORE Thread[main,6,main]
22:54:01,740 I: (ErlangCore.java:79) : *** starting Erlide v0.25.0.201402101644 (core=0.24.2.201402101644) *** (UTF-8) 
22:54:01,772 I: (ErlangCore.java:86) : Started CORE
22:54:04,182 F: (ErlangHostnameRetriever.java:40) : Test long hostname: null
22:54:04,182 W: (ErlangHostnameRetriever.java:46) : Can't use null as long name
22:54:05,946 F: (ErlangHostnameRetriever.java:40) : Test long hostname: IcLod-Y410P
22:54:07,095 W: (ErlangHostnameRetriever.java:46) : Can't use IcLod-Y410P as long name
22:54:07,773 F: (ErlangHostnameRetriever.java:40) : Test short hostname: IcLod-Y410P
22:54:07,826 F: (HostnameUtils.java:73) : Detected:: IcLod-Y410P && null
22:54:07,885 F: (BackendFactory.java:42) : Create ide backend
22:54:07,895 F: (BackendFactory.java:74) : Create backend a19d9_IcLod_d06e0d_erlide
22:54:08,264 F: (ErlRuntime.java:411) : Runtime a19d9_IcLod_d06e0d_erlide@IcLod-Y410P starting
22:54:08,264 F: (ManagedErlRuntime.java:56) : START node :> [G:\tools\erl6.3/bin/erl, -sname, a19d9_IcLod_d06e0d_erlide@IcLod-Y410P, -setcookie, erlide] *** G:\ErlangTest\plugin
22:54:08,493 F: (ErlRuntime.java:273) : using cookie 'erlide...'6 (info: 'erlide')
22:54:08,514 F: (ErlRuntime.java:278) : a19d9_IcLod_d06e0d_erlide@IcLod-Y410P: waiting connection to peer...
22:54:09,154 I: (ErlRuntime.java:346) : code server started
22:54:09,156 F: (ErlRuntime.java:416) : Runtime a19d9_IcLod_d06e0d_erlide@IcLod-Y410P running
22:54:09,526 F: (LogEventHandler.java:27) : info: {"Monitoring java node",'jerlide_8d07066@IcLod-Y410P'}
22:54:09,526 F: (LogEventHandler.java:27) : info: {"Start monitor process: ",10000000,50000000}
22:54:09,593 F: (ModelActivator.java:24) : Started model api
22:54:09,690 I: (ErlideUIPlugin.java:154) : Starting UI Thread[main,6,main]
22:54:09,759 I: (ErlideUIPlugin.java:189) : Started UI
22:54:27,776 F: (BackendFactory.java:66) : Create build backend 17
22:54:27,778 F: (BackendFactory.java:74) : Create backend 17_a19d9_IcLod_d0bbc1
22:54:27,781 F: (ManagedErlRuntime.java:56) : START node :> [G:\tools\erl6.3/bin/erl, -sname, 17_a19d9_IcLod_d0bbc1@IcLod-Y410P, -setcookie, erlide] *** G:\ErlangTest\plugin
22:54:27,781 F: (ErlRuntime.java:411) : Runtime 17_a19d9_IcLod_d0bbc1@IcLod-Y410P starting
22:54:28,049 F: (ErlRuntime.java:273) : using cookie 'erlide...'6 (info: 'erlide')
22:54:28,051 F: (ErlRuntime.java:278) : 17_a19d9_IcLod_d0bbc1@IcLod-Y410P: waiting connection to peer...
22:54:28,754 I: (ErlRuntime.java:346) : code server started
22:54:28,756 F: (ErlRuntime.java:416) : Runtime 17_a19d9_IcLod_d0bbc1@IcLod-Y410P running
22:54:29,014 F: (LogEventHandler.java:27) : info: {"Monitoring java node",'jerlide_8d0bcb8@IcLod-Y410P'}
22:54:29,015 F: (LogEventHandler.java:27) : info: {"Start monitor process: ",10000000,50000000}
06:53:23,508 I: (ErlideUIPlugin.java:219) : *** Automatically cleaning caches ***
06:59:24,947 F: (ErlangNodeLaunchShortcut.java:115) : ** Launch :: tr_sup.erl
06:59:25,733 F: (BackendManager.java:116) : create execution backend StudyErlangOTP
06:59:25,733 F: (BackendFactory.java:74) : Create backend StudyErlangOTP
06:59:25,733 F: (ManagedErlRuntime.java:56) : START node :> [G:\tools\erl6.3/bin/erl, -sname, StudyErlangOTP@IcLod-Y410P, -setcookie, erlide] *** G:\tools\eclipse-erl-w64
06:59:25,733 F: (ErlRuntime.java:411) : Runtime StudyErlangOTP@IcLod-Y410P starting
06:59:26,170 F: (ErlRuntime.java:273) : using cookie 'erlide...'6 (info: 'erlide')
06:59:26,170 F: (ErlRuntime.java:278) : StudyErlangOTP@IcLod-Y410P: waiting connection to peer...
06:59:26,885 I: (ErlRuntime.java:346) : code server started
06:59:26,886 F: (ErlRuntime.java:416) : Runtime StudyErlangOTP@IcLod-Y410P running
06:59:27,167 F: (LogEventHandler.java:27) : info: {"Monitoring java node",'jerlide_a8cbd19@IcLod-Y410P'}
06:59:27,167 F: (LogEventHandler.java:27) : info: {"Start monitor process: ",10000000,50000000}
06:59:27,302 F: (ErlangDebugTarget.java:98) : debug started #Pid<StudyErlangOTP@IcLod-Y410P.84.0>
06:59:27,307 F: (ErlangDebugTarget.java:444) : interpret tr_app
06:59:27,322 F: (ErlangDebugTarget.java:444) : interpret tr_server
06:59:27,331 F: (ErlangDebugTarget.java:444) : interpret tr_sup
06:59:27,339 F: (ErlangDebugTarget.java:444) : interpret area_server
06:59:27,348 F: (ErlangDebugTarget.java:444) : interpret event_handler
06:59:27,364 F: (ErlangDebugTarget.java:444) : interpret lib_primes
06:59:27,372 F: (ErlangDebugTarget.java:444) : interpret motor_controller
06:59:27,377 F: (ErlangDebugTarget.java:444) : interpret my_alarm_handler
06:59:27,387 F: (ErlangDebugTarget.java:444) : interpret my_bank
06:59:27,404 F: (ErlangDebugTarget.java:444) : interpret my_fac_server
06:59:27,412 F: (ErlangDebugTarget.java:444) : interpret name_server
06:59:27,420 F: (ErlangDebugTarget.java:444) : interpret prime_server
06:59:27,428 F: (ErlangDebugTarget.java:444) : interpret sellaprime_supervisor
06:59:27,434 F: (ErlangDebugTarget.java:444) : interpret server1
06:59:27,450 F: (ErlangDebugTarget.java:444) : interpret server2
06:59:27,459 F: (ErlangDebugTarget.java:444) : interpret server3
06:59:27,468 F: (ErlangDebugTarget.java:444) : interpret server4
06:59:27,472 F: (ErlangDebugTarget.java:444) : interpret server5
06:59:27,484 F: (ErlangDebugTarget.java:444) : interpret kvs
06:59:27,494 F: (ErlangDebugTarget.java:444) : interpret mod_name_server
06:59:27,510 F: (ErlangDebugTarget.java:444) : interpret area_server0
06:59:27,525 F: (ErlangDebugTarget.java:444) : interpret area_server1
06:59:27,534 F: (ErlangDebugTarget.java:444) : interpret area_server_final
06:59:27,545 F: (ErlangDebugTarget.java:444) : interpret clock
06:59:27,553 F: (ErlangDebugTarget.java:444) : interpret dist_demo
06:59:27,561 F: (ErlangDebugTarget.java:444) : interpret ets_test
06:59:27,569 F: (ErlangDebugTarget.java:444) : interpret id3_v1
06:59:27,578 F: (ErlangDebugTarget.java:444) : interpret lib_misc
06:59:27,585 F: (ErlangDebugTarget.java:444) : interpret processes
06:59:27,592 F: (ErlangDebugTarget.java:444) : interpret scavenge_urls
06:59:27,597 F: (ErlangDebugTarget.java:444) : interpret socket_examples
06:59:27,607 F: (ErlangDebugTarget.java:444) : interpret stimer
06:59:27,623 F: (ErlangDebugTarget.java:444) : interpret test_12_09
06:59:27,640 F: (ErlangDebugTarget.java:444) : interpret test_mnesia
06:59:27,648 F: (ErlangDebugTarget.java:444) : interpret five
06:59:27,658 F: (ErlangDebugTarget.java:444) : interpret friday
06:59:27,667 F: (ErlangDebugTarget.java:444) : interpret hello
06:59:27,674 F: (ErlangDebugTarget.java:444) : interpret mylists
06:59:27,682 F: (ErlangDebugTarget.java:444) : interpret one
06:59:27,704 F: (ErlConsoleManager.java:43) : console ADDED to org.erlide.backend.api.BackendData@4c65cb5f
06:59:27,815 F: (ErlangLaunchDelegate.java:114) : Started erts: StudyErlangOTP >> StudyErlangOTP
07:00:33,025 W: (ErlideDebug.java:380) : backend StudyErlangOTP@IcLod-Y410P down
org.erlide.runtime.rpc.RpcException: backend StudyErlangOTP@IcLod-Y410P down
	at org.erlide.runtime.internal.rpc.RpcSite.checkConnected(RpcSite.java:265)
	at org.erlide.runtime.internal.rpc.RpcSite.cast(RpcSite.java:183)
	at org.erlide.runtime.internal.rpc.RpcSite.cast(RpcSite.java:194)
	at org.erlide.backend.debug.ErlideDebug.unloadDebuggerCode(ErlideDebug.java:378)
	at org.erlide.backend.internal.Backend.unloadDebuggerCode(Backend.java:385)
	at org.erlide.backend.internal.Backend.dispose(Backend.java:96)
	at org.erlide.backend.internal.ExternalBackend.dispose(ExternalBackend.java:41)
	at org.erlide.backend.internal.BackendManager.terminateBackendsForLaunch(BackendManager.java:429)
	at org.erlide.backend.internal.BackendManagerLaunchListener.launchesTerminated(BackendManagerLaunchListener.java:41)
	at org.eclipse.debug.internal.core.LaunchManager$LaunchesNotifier.run(LaunchManager.java:313)
	at org.eclipse.core.runtime.SafeRunner.run(SafeRunner.java:42)
	at org.eclipse.debug.internal.core.LaunchManager$LaunchesNotifier.notify(LaunchManager.java:266)
	at org.eclipse.debug.internal.core.LaunchManager.fireUpdate(LaunchManager.java:1028)
	at org.eclipse.debug.core.Launch.fireTerminate(Launch.java:401)
	at org.eclipse.debug.core.Launch.handleDebugEvents(Launch.java:571)
	at org.eclipse.debug.core.DebugPlugin$EventNotifier.run(DebugPlugin.java:1132)
	at org.eclipse.core.runtime.SafeRunner.run(SafeRunner.java:42)
	at org.eclipse.debug.core.DebugPlugin$EventNotifier.dispatch(DebugPlugin.java:1166)
	at org.eclipse.debug.core.DebugPlugin$EventDispatchJob.run(DebugPlugin.java:430)
	at org.eclipse.core.internal.jobs.Worker.run(Worker.java:53)
07:00:33,478 W: (ErlideDebug.java:380) : backend StudyErlangOTP@IcLod-Y410P down
org.erlide.runtime.rpc.RpcException: backend StudyErlangOTP@IcLod-Y410P down
	at org.erlide.runtime.internal.rpc.RpcSite.checkConnected(RpcSite.java:265)
	at org.erlide.runtime.internal.rpc.RpcSite.cast(RpcSite.java:183)
	at org.erlide.runtime.internal.rpc.RpcSite.cast(RpcSite.java:194)
	at org.erlide.backend.debug.ErlideDebug.unloadDebuggerCode(ErlideDebug.java:378)
	at org.erlide.backend.internal.Backend.unloadDebuggerCode(Backend.java:385)
	at org.erlide.backend.internal.Backend.dispose(Backend.java:96)
	at org.erlide.backend.internal.ExternalBackend.dispose(ExternalBackend.java:41)
	at org.erlide.backend.debug.model.ErlangDebugTarget.terminate(ErlangDebugTarget.java:178)
	at org.erlide.ui.console.actions.ConsoleTerminateAction.terminate(ConsoleTerminateAction.java:86)
	at org.erlide.ui.console.actions.ConsoleTerminateAction.run(ConsoleTerminateAction.java:69)
	at org.eclipse.jface.action.Action.runWithEvent(Action.java:499)
	at org.eclipse.jface.action.ActionContributionItem.handleWidgetSelection(ActionContributionItem.java:584)
	at org.eclipse.jface.action.ActionContributionItem.access$2(ActionContributionItem.java:501)
	at org.eclipse.jface.action.ActionContributionItem$6.handleEvent(ActionContributionItem.java:452)
	at org.eclipse.swt.widgets.EventTable.sendEvent(EventTable.java:84)
	at org.eclipse.swt.widgets.Widget.sendEvent(Widget.java:1057)
	at org.eclipse.swt.widgets.Display.runDeferredEvents(Display.java:4170)
	at org.eclipse.swt.widgets.Display.readAndDispatch(Display.java:3759)
	at org.eclipse.e4.ui.internal.workbench.swt.PartRenderingEngine$9.run(PartRenderingEngine.java:1113)
	at org.eclipse.core.databinding.observable.Realm.runWithDefault(Realm.java:332)
	at org.eclipse.e4.ui.internal.workbench.swt.PartRenderingEngine.run(PartRenderingEngine.java:997)
	at org.eclipse.e4.ui.internal.workbench.E4Workbench.createAndRunUI(E4Workbench.java:138)
	at org.eclipse.ui.internal.Workbench$5.run(Workbench.java:610)
	at org.eclipse.core.databinding.observable.Realm.runWithDefault(Realm.java:332)
	at org.eclipse.ui.internal.Workbench.createAndRunWorkbench(Workbench.java:567)
	at org.eclipse.ui.PlatformUI.createAndRunWorkbench(PlatformUI.java:150)
	at org.eclipse.ui.internal.ide.application.IDEApplication.start(IDEApplication.java:124)
	at org.eclipse.equinox.internal.app.EclipseAppHandle.run(EclipseAppHandle.java:196)
	at org.eclipse.core.runtime.internal.adaptor.EclipseAppLauncher.runApplication(EclipseAppLauncher.java:110)
	at org.eclipse.core.runtime.internal.adaptor.EclipseAppLauncher.start(EclipseAppLauncher.java:79)
	at org.eclipse.core.runtime.adaptor.EclipseStarter.run(EclipseStarter.java:354)
	at org.eclipse.core.runtime.adaptor.EclipseStarter.run(EclipseStarter.java:181)
	at sun.reflect.NativeMethodAccessorImpl.invoke0(Native Method)
	at sun.reflect.NativeMethodAccessorImpl.invoke(Unknown Source)
	at sun.reflect.DelegatingMethodAccessorImpl.invoke(Unknown Source)
	at java.lang.reflect.Method.invoke(Unknown Source)
	at org.eclipse.equinox.launcher.Main.invokeFramework(Main.java:636)
	at org.eclipse.equinox.launcher.Main.basicRun(Main.java:591)
	at org.eclipse.equinox.launcher.Main.run(Main.java:1450)
	at org.eclipse.equinox.launcher.Main.main(Main.java:1426)
07:00:33,494 W: (ErlideDebug.java:380) : backend StudyErlangOTP@IcLod-Y410P down
org.erlide.runtime.rpc.RpcException: backend StudyErlangOTP@IcLod-Y410P down
	at org.erlide.runtime.internal.rpc.RpcSite.checkConnected(RpcSite.java:265)
	at org.erlide.runtime.internal.rpc.RpcSite.cast(RpcSite.java:183)
	at org.erlide.runtime.internal.rpc.RpcSite.cast(RpcSite.java:194)
	at org.erlide.backend.debug.ErlideDebug.unloadDebuggerCode(ErlideDebug.java:378)
	at org.erlide.backend.internal.Backend.unloadDebuggerCode(Backend.java:385)
	at org.erlide.backend.internal.Backend.dispose(Backend.java:96)
	at org.erlide.backend.internal.ExternalBackend.dispose(ExternalBackend.java:41)
	at org.erlide.ui.console.actions.ConsoleTerminateAction.run(ConsoleTerminateAction.java:75)
	at org.eclipse.jface.action.Action.runWithEvent(Action.java:499)
	at org.eclipse.jface.action.ActionContributionItem.handleWidgetSelection(ActionContributionItem.java:584)
	at org.eclipse.jface.action.ActionContributionItem.access$2(ActionContributionItem.java:501)
	at org.eclipse.jface.action.ActionContributionItem$6.handleEvent(ActionContributionItem.java:452)
	at org.eclipse.swt.widgets.EventTable.sendEvent(EventTable.java:84)
	at org.eclipse.swt.widgets.Widget.sendEvent(Widget.java:1057)
	at org.eclipse.swt.widgets.Display.runDeferredEvents(Display.java:4170)
	at org.eclipse.swt.widgets.Display.readAndDispatch(Display.java:3759)
	at org.eclipse.e4.ui.internal.workbench.swt.PartRenderingEngine$9.run(PartRenderingEngine.java:1113)
	at org.eclipse.core.databinding.observable.Realm.runWithDefault(Realm.java:332)
	at org.eclipse.e4.ui.internal.workbench.swt.PartRenderingEngine.run(PartRenderingEngine.java:997)
	at org.eclipse.e4.ui.internal.workbench.E4Workbench.createAndRunUI(E4Workbench.java:138)
	at org.eclipse.ui.internal.Workbench$5.run(Workbench.java:610)
	at org.eclipse.core.databinding.observable.Realm.runWithDefault(Realm.java:332)
	at org.eclipse.ui.internal.Workbench.createAndRunWorkbench(Workbench.java:567)
	at org.eclipse.ui.PlatformUI.createAndRunWorkbench(PlatformUI.java:150)
	at org.eclipse.ui.internal.ide.application.IDEApplication.start(IDEApplication.java:124)
	at org.eclipse.equinox.internal.app.EclipseAppHandle.run(EclipseAppHandle.java:196)
	at org.eclipse.core.runtime.internal.adaptor.EclipseAppLauncher.runApplication(EclipseAppLauncher.java:110)
	at org.eclipse.core.runtime.internal.adaptor.EclipseAppLauncher.start(EclipseAppLauncher.java:79)
	at org.eclipse.core.runtime.adaptor.EclipseStarter.run(EclipseStarter.java:354)
	at org.eclipse.core.runtime.adaptor.EclipseStarter.run(EclipseStarter.java:181)
	at sun.reflect.NativeMethodAccessorImpl.invoke0(Native Method)
	at sun.reflect.NativeMethodAccessorImpl.invoke(Unknown Source)
	at sun.reflect.DelegatingMethodAccessorImpl.invoke(Unknown Source)
	at java.lang.reflect.Method.invoke(Unknown Source)
	at org.eclipse.equinox.launcher.Main.invokeFramework(Main.java:636)
	at org.eclipse.equinox.launcher.Main.basicRun(Main.java:591)
	at org.eclipse.equinox.launcher.Main.run(Main.java:1450)
	at org.eclipse.equinox.launcher.Main.main(Main.java:1426)
07:00:33,551 W: (ErlRuntime.java:392) : Runtime StudyErlangOTP@IcLod-Y410P crashed, exit code: 1.
07:00:33,551 S: (ErlRuntimeReporter.java:75) : Backend 'StudyErlangOTP@IcLod-Y410P' crashed with exit code 1.
07:00:33,601 S: (ErlRuntimeReporter.java:78) : Last system status was:
 Memory:
         total: 13,065,184
     processes:  4,813,584
processes_used:  4,813,584
        system:  8,251,600
          atom:    202,481
     atom_used:    190,353
   binary:     63,104
  code:  4,685,785
 ets:    297,832
 low:          0
  maximum:          0
----------
Registered processes:
[global_group, error_logger, dbg_mon, kernel_safe_sup, erlide_builder, erl_epmd, erlide_monitor, auth, erl_prim_loader, net_kernel, tr_sup, standard_error_sup, tr_server, rex, net_sup, inet_db, kernel_sup, global_name_server, code_server, init, file_server_2, user, application_controller, erlide_rex_manager, standard_error, dbg_iserver]
----------
Process #Pid<StudyErlangOTP@IcLod-Y410P.84.0> ()
     memory:    264,168
  heap_size:      4,185
 stack_size:          4
 total_heap:     32,875
   binary: []
 stacktrace: [{dbg_mon,loop,1,[]}]
----------
Process #Pid<StudyErlangOTP@IcLod-Y410P.31.0> ()
     memory:    230,432
  heap_size:     17,731
 stack_size:         16
 total_heap:     28,689
   binary: [{57953664,7544,1}]
 stacktrace: [{shell,get_command1,5,[{file,"shell.erl"},{line,302}]},{shell,server_loop,7,[{file,"shell.erl"},{line,229}]}]
----------
Process #Pid<StudyErlangOTP@IcLod-Y410P.76.0> ()
     memory:    230,312
  heap_size:     10,958
 stack_size:        356
 total_heap:     28,689
   binary: []
 stacktrace: [{erlide_monitor,'-all_processes_info/0-lc$^0/1-0-',1,[]},{erlide_monitor,'-all_processes_info/0-lc$^0/1-0-',1,[]},{erlide_monitor,all_processes_info,0,[]},{erlide_monitor,send_info,0,[]},{erlide_monitor,handle_info,2,[]},{gen_server,try_dispatch,4,[{file,"gen_server.erl"},{line,593}]},{gen_server,handle_msg,5,[{file,"gen_server.erl"},{line,659}]}]
----------
Process #Pid<StudyErlangOTP@IcLod-Y410P.25.0> ()
     memory:    142,680
  heap_size:      6,772
 stack_size:          3
 total_heap:     17,730
   binary: [{57409712,22736,1},{57962240,1024,1},{138674352,13408,1},{57963296,1024,1},{57432784,1384,2},{57964352,1024,1},{57434208,1572,2},{57965408,1024,1},{57435824,4712,2},{57940128,1024,1}]
 stacktrace: [{code_server,loop,1,[{file,"code_server.erl"},{line,155}]}]
----------
Process #Pid<StudyErlangOTP@IcLod-Y410P.128.0> ()
     memory:    101,368
  heap_size:      1,598
 stack_size:         16
 total_heap:     12,556
   binary: []
 stacktrace: [{shell,get_command1,5,[{file,"shell.erl"},{line,302}]},{shell,server_loop,7,[{file,"shell.erl"},{line,229}]}]
----------
Process #Pid<StudyErlangOTP@IcLod-Y410P.7.0> ()
     memory:     93,464
  heap_size:     10,958
 stack_size:          7
 total_heap:     11,568
   binary: [{57432496,243,1}]
 stacktrace: [{gen_server,loop,6,[{file,"gen_server.erl"},{line,360}]}]
----------
Process #Pid<StudyErlangOTP@IcLod-Y410P.3.0> ()
     memory:     75,640
  heap_size:      2,586
 stack_size:          6
 total_heap:      9,358
   binary: [{57935856,106,1},{57432784,1384,2},{57961584,48,1},{57937904,106,1},{57434208,1572,2},{57938208,48,1},{57966464,112,1},{57435824,4712,2},{57966624,48,1}]
 stacktrace: [{erl_prim_loader,loop,3,[{file,"erl_prim_loader.erl"},{line,313}]}]
----------
Process #Pid<StudyErlangOTP@IcLod-Y410P.12.0> ()
     memory:     29,424
  heap_size:      2,586
 stack_size:          9
 total_heap:      3,573
   binary: []
 stacktrace: [{gen_server,loop,6,[{file,"gen_server.erl"},{line,360}]},{proc_lib,init_p_do_apply,3,[{file,"proc_lib.erl"},{line,237}]}]
----------
Process #Pid<StudyErlangOTP@IcLod-Y410P.30.0> ()
     memory:     26,600
  heap_size:      1,598
 stack_size:         22
 total_heap:      3,196
   binary: [{57934144,256,1}]
 stacktrace: [{user,get_chars,8,[{file,"user.erl"},{line,612}]},{user,do_io_request,5,[{file,"user.erl"},{line,182}]},{user,server_loop,2,[{file,"user.erl"},{line,132}]},{user,catch_loop,3,[{file,"user.erl"},{line,99}]}]
----------
Process #Pid<StudyErlangOTP@IcLod-Y410P.24.0> ()
     memory:     23,432
  heap_size:      2,586
 stack_size:          9
 total_heap:      2,819
   binary: [{57935424,48,1},{57934000,48,1},{57962112,48,1},{57961392,48,1},{57936128,48,1},{57935520,48,1},{57961248,48,1},{57935616,48,1},{57936016,48,1},{57938768,48,1},{57938864,48,1},{57936224,48,1},{57961488,48,1},{57961728,48,1},{57961968,48,1},{57938064,48,1},{57935712,48,1},{57961824,48,1}]
 stacktrace: [{gen_server,loop,6,[{file,"gen_server.erl"},{line,360}]},{proc_lib,init_p_do_apply,3,[{file,"proc_lib.erl"},{line,237}]}]
----------
Process #Pid<StudyErlangOTP@IcLod-Y410P.11.0> ()
     memory:     17,072
  heap_size:      1,598
 stack_size:          9
 total_heap:      1,974
   binary: []
 stacktrace: [{gen_server,loop,6,[{file,"gen_server.erl"},{line,360}]},{proc_lib,init_p_do_apply,3,[{file,"proc_lib.erl"},{line,237}]}]
----------
Process #Pid<StudyErlangOTP@IcLod-Y410P.17.0> ()
     memory:     16,752
  heap_size:        987
 stack_size:          9
 total_heap:      1,974
   binary: []
 stacktrace: [{gen_server,loop,6,[{file,"gen_server.erl"},{line,360}]},{proc_lib,init_p_do_apply,3,[{file,"proc_lib.erl"},{line,237}]}]
----------
Process #Pid<StudyErlangOTP@IcLod-Y410P.15.0> ()
     memory:     16,528
  heap_size:        987
 stack_size:          2
 total_heap:      1,974
   binary: []
 stacktrace: [{global,loop_the_registrar,0,[{file,"global.erl"},{line,2187}]}]
----------
Process #Pid<StudyErlangOTP@IcLod-Y410P.127.0> ()
     memory:      9,272
  heap_size:        610
 stack_size:         10
 total_heap:        986
   binary: []
 stacktrace: [{erlide_shell,shell_loop,3,[]},{erlide_shell,shell_init,1,[]},{proc_lib,init_p_do_apply,3,[{file,"proc_lib.erl"},{line,237}]}]
----------
Process #Pid<StudyErlangOTP@IcLod-Y410P.20.0> ()
     memory:      8,944
  heap_size:        376
 stack_size:          9
 total_heap:        986
   binary: []
 stacktrace: [{gen_server,loop,6,[{file,"gen_server.erl"},{line,360}]},{proc_lib,init_p_do_apply,3,[{file,"proc_lib.erl"},{line,237}]}]
----------
Process #Pid<StudyErlangOTP@IcLod-Y410P.6.0> ()
     memory:      8,768
  heap_size:        610
 stack_size:          8
 total_heap:        986
   binary: []
 stacktrace: [{gen_event,fetch_msg,5,[{file,"gen_event.erl"},{line,231}]},{proc_lib,init_p_do_apply,3,[{file,"proc_lib.erl"},{line,237}]}]
----------
Process #Pid<StudyErlangOTP@IcLod-Y410P.0.0> ()
     memory:      8,704
  heap_size:        610
 stack_size:          2
 total_heap:        986
   binary: []
 stacktrace: [{init,loop,1,[{file,"init.erl"},{line,379}]}]
----------
Process #Pid<StudyErlangOTP@IcLod-Y410P.37.0> ()
     memory:      8,664
  heap_size:        610
 stack_size:         11
 total_heap:        986
   binary: []
 stacktrace: [{dist_util,con_loop,9,[{file,"dist_util.erl"},{line,455}]}]
----------
Process #Pid<StudyErlangOTP@IcLod-Y410P.129.0> ()
     memory:      8,624
  heap_size:        610
 stack_size:          7
 total_heap:        986
   binary: [{57966720,2,1}]
 stacktrace: [{shell,eval_loop,3,[{file,"shell.erl"},{line,619}]}]
----------
Process #Pid<StudyErlangOTP@IcLod-Y410P.75.0> ()
     memory:      8,624
  heap_size:        610
 stack_size:          3
 total_heap:        986
   binary: []
 stacktrace: [{erlide_common_app,'-watch_eclipse/2-fun-0-',2,[]}]
----------
----------

07:00:33,631 I: (ConsoleMessageReporter.java:13) : 4::: Backend 'StudyErlangOTP@IcLod-Y410P' crashed with exit code 1.

This error is not recoverable, please restart your Eclipse instance.


An error log has been created at C:\Users\IcLod/IcLod_20150610_070033.txt. Please report the problem so that we can fix it.
http://www.assembla.com/spaces/erlide/support/tickets
------
07:00:47,067 F: (BackendManager.java:116) : create execution backend StudyErlangOTP
07:00:47,068 F: (BackendFactory.java:74) : Create backend StudyErlangOTP
07:00:47,070 F: (ManagedErlRuntime.java:56) : START node :> [G:\tools\erl6.3/bin/erl, -sname, StudyErlangOTP@IcLod-Y410P, -setcookie, erlide] *** G:\tools\eclipse-erl-w64
07:00:47,070 F: (ErlRuntime.java:411) : Runtime StudyErlangOTP@IcLod-Y410P starting
07:00:47,334 F: (ErlRuntime.java:273) : using cookie 'erlide...'6 (info: 'erlide')
07:00:47,334 F: (ErlRuntime.java:278) : StudyErlangOTP@IcLod-Y410P: waiting connection to peer...
07:00:48,036 I: (ErlRuntime.java:346) : code server started
07:00:48,038 F: (ErlRuntime.java:416) : Runtime StudyErlangOTP@IcLod-Y410P running
07:00:48,276 F: (LogEventHandler.java:27) : info: {"Monitoring java node",'jerlide_a8dfa4e@IcLod-Y410P'}
07:00:48,276 F: (LogEventHandler.java:27) : info: {"Start monitor process: ",10000000,50000000}
07:00:48,347 F: (ErlangDebugTarget.java:98) : debug started #Pid<StudyErlangOTP@IcLod-Y410P.84.0>
07:00:48,350 F: (ErlangDebugTarget.java:444) : interpret tr_app
07:00:48,364 F: (ErlangDebugTarget.java:444) : interpret tr_server
07:00:48,376 F: (ErlangDebugTarget.java:444) : interpret tr_sup
07:00:48,391 F: (ErlangDebugTarget.java:444) : interpret area_server
07:00:48,398 F: (ErlangDebugTarget.java:444) : interpret event_handler
07:00:48,402 F: (ErlangDebugTarget.java:444) : interpret lib_primes
07:00:48,412 F: (ErlangDebugTarget.java:444) : interpret motor_controller
07:00:48,424 F: (ErlangDebugTarget.java:444) : interpret my_alarm_handler
07:00:48,440 F: (ErlangDebugTarget.java:444) : interpret my_bank
07:00:48,447 F: (ErlangDebugTarget.java:444) : interpret my_fac_server
07:00:48,454 F: (ErlangDebugTarget.java:444) : interpret name_server
07:00:48,461 F: (ErlangDebugTarget.java:444) : interpret prime_server
07:00:48,467 F: (ErlangDebugTarget.java:444) : interpret sellaprime_supervisor
07:00:48,473 F: (ErlangDebugTarget.java:444) : interpret server1
07:00:48,480 F: (ErlangDebugTarget.java:444) : interpret server2
07:00:48,486 F: (ErlangDebugTarget.java:444) : interpret server3
07:00:48,494 F: (ErlangDebugTarget.java:444) : interpret server4
07:00:48,501 F: (ErlangDebugTarget.java:444) : interpret server5
07:00:48,508 F: (ErlangDebugTarget.java:444) : interpret kvs
07:00:48,514 F: (ErlangDebugTarget.java:444) : interpret mod_name_server
07:00:48,518 F: (ErlangDebugTarget.java:444) : interpret area_server0
07:00:48,533 F: (ErlangDebugTarget.java:444) : interpret area_server1
07:00:48,541 F: (ErlangDebugTarget.java:444) : interpret area_server_final
07:00:48,544 F: (ErlangDebugTarget.java:444) : interpret clock
07:00:48,559 F: (ErlangDebugTarget.java:444) : interpret dist_demo
07:00:48,565 F: (ErlangDebugTarget.java:444) : interpret ets_test
07:00:48,572 F: (ErlangDebugTarget.java:444) : interpret id3_v1
07:00:48,579 F: (ErlangDebugTarget.java:444) : interpret lib_misc
07:00:48,585 F: (ErlangDebugTarget.java:444) : interpret processes
07:00:48,593 F: (ErlangDebugTarget.java:444) : interpret scavenge_urls
07:00:48,599 F: (ErlangDebugTarget.java:444) : interpret socket_examples
07:00:48,611 F: (ErlangDebugTarget.java:444) : interpret stimer
07:00:48,623 F: (ErlangDebugTarget.java:444) : interpret test_12_09
07:00:48,633 F: (ErlangDebugTarget.java:444) : interpret test_mnesia
07:00:48,647 F: (ErlangDebugTarget.java:444) : interpret five
07:00:48,659 F: (ErlangDebugTarget.java:444) : interpret friday
07:00:48,672 F: (ErlangDebugTarget.java:444) : interpret hello
07:00:48,682 F: (ErlangDebugTarget.java:444) : interpret mylists
07:00:48,693 F: (ErlangDebugTarget.java:444) : interpret one
07:00:48,717 F: (ErlConsoleManager.java:43) : console ADDED to org.erlide.backend.api.BackendData@2f92a13b
07:00:48,731 F: (ErlangLaunchDelegate.java:114) : Started erts: StudyErlangOTP >> StudyErlangOTP
07:01:23,102 W: (ErlideDebug.java:380) : backend StudyErlangOTP@IcLod-Y410P down
org.erlide.runtime.rpc.RpcException: backend StudyErlangOTP@IcLod-Y410P down
	at org.erlide.runtime.internal.rpc.RpcSite.checkConnected(RpcSite.java:265)
	at org.erlide.runtime.internal.rpc.RpcSite.cast(RpcSite.java:183)
	at org.erlide.runtime.internal.rpc.RpcSite.cast(RpcSite.java:194)
	at org.erlide.backend.debug.ErlideDebug.unloadDebuggerCode(ErlideDebug.java:378)
	at org.erlide.backend.internal.Backend.unloadDebuggerCode(Backend.java:385)
	at org.erlide.backend.internal.Backend.dispose(Backend.java:96)
	at org.erlide.backend.internal.ExternalBackend.dispose(ExternalBackend.java:41)
	at org.erlide.backend.internal.BackendManager.terminateBackendsForLaunch(BackendManager.java:429)
	at org.erlide.backend.internal.BackendManagerLaunchListener.launchesTerminated(BackendManagerLaunchListener.java:41)
	at org.eclipse.debug.internal.core.LaunchManager$LaunchesNotifier.run(LaunchManager.java:313)
	at org.eclipse.core.runtime.SafeRunner.run(SafeRunner.java:42)
	at org.eclipse.debug.internal.core.LaunchManager$LaunchesNotifier.notify(LaunchManager.java:266)
	at org.eclipse.debug.internal.core.LaunchManager.fireUpdate(LaunchManager.java:1028)
	at org.eclipse.debug.core.Launch.fireTerminate(Launch.java:401)
	at org.eclipse.debug.core.Launch.handleDebugEvents(Launch.java:571)
	at org.eclipse.debug.core.DebugPlugin$EventNotifier.run(DebugPlugin.java:1132)
	at org.eclipse.core.runtime.SafeRunner.run(SafeRunner.java:42)
	at org.eclipse.debug.core.DebugPlugin$EventNotifier.dispatch(DebugPlugin.java:1166)
	at org.eclipse.debug.core.DebugPlugin$EventDispatchJob.run(DebugPlugin.java:430)
	at org.eclipse.core.internal.jobs.Worker.run(Worker.java:53)
07:01:23,248 F: (ErlRuntime.java:384) : Runtime StudyErlangOTP@IcLod-Y410P terminated
07:30:36,741 F: (ErlRuntime.java:384) : Runtime a19d9_IcLod_d06e0d_erlide@IcLod-Y410P terminated
07:30:36,786 F: (ErlRuntime.java:384) : Runtime 17_a19d9_IcLod_d0bbc1@IcLod-Y410P terminated
